<revhistory>
  <revision>
    <revnumber>1</revnumber>
    <date>6th November 2018</date>
    <authorinitials>os</authorinitials>
    <revremark>Initial</revremark>
  </revision>
</revhistory>

<copyright>
  <year>2018</year>
  <holder>sysmocom - s.f.m.c. GmbH</holder>
</copyright>

<legalnotice>
  <para>
	Permission is granted to copy, distribute and/or modify this
	document under the terms of the GNU Free Documentation License,
	Version 1.3 or any later version published by the Free Software
	Foundation; with the Invariant Sections being just 'Foreword',
	'Acknowledgements' and 'Preface', with no Front-Cover Texts,
	and no Back-Cover Texts.  A copy of the license is included in
	the section entitled "GNU Free Documentation License".
  </para>
  <para>
	The Asciidoc source code of this manual can be found at
	<ulink url="http://git.osmocom.org/osmo-gsm-manuals/">
		http://git.osmocom.org/osmo-gsm-manuals/
	</ulink>
  </para>
</legalnotice>
